This is XeTeX, Version 3.141592653-2.6-0.999997 (TeX Live 2026/dev/Arch Linux) (preloaded format=xelatex 2026.1.8)  12 JAN 2026 07:54
entering extended mode
 restricted \write18 enabled.
 %&-line parsing enabled.
**lesson9-practice-sheets.tex
(./lesson9-practice-sheets.tex
LaTeX2e <2024-11-01> patch level 2
L3 programming layer <2025-01-18>
(/usr/share/texmf-dist/tex/latex/base/article.cls
Document Class: article 2024/06/29 v1.4n Standard LaTeX document class
(/usr/share/texmf-dist/tex/latex/base/size12.clo
File: size12.clo 2024/06/29 v1.4n Standard LaTeX file (size option)
)
\c@part=\count192
\c@section=\count193
\c@subsection=\count194
\c@subsubsection=\count195
\c@paragraph=\count196
\c@subparagraph=\count197
\c@figure=\count198
\c@table=\count199
\abovecaptionskip=\skip49
\belowcaptionskip=\skip50
\bibindent=\dimen141
)
(/usr/share/texmf-dist/tex/latex/geometry/geometry.sty
Package: geometry 2020/01/02 v5.9 Page Geometry

(/usr/share/texmf-dist/tex/latex/graphics/keyval.sty
Package: keyval 2022/05/29 v1.15 key=value parser (DPC)
\KV@toks@=\toks17
)
(/usr/share/texmf-dist/tex/generic/iftex/ifvtex.sty
Package: ifvtex 2019/10/25 v1.7 ifvtex legacy package. Use iftex instead.

(/usr/share/texmf-dist/tex/generic/iftex/iftex.sty
Package: iftex 2024/12/12 v1.0g TeX engine tests
))
\Gm@cnth=\count266
\Gm@cntv=\count267
\c@Gm@tempcnt=\count268
\Gm@bindingoffset=\dimen142
\Gm@wd@mp=\dimen143
\Gm@odd@mp=\dimen144
\Gm@even@mp=\dimen145
\Gm@layoutwidth=\dimen146
\Gm@layoutheight=\dimen147
\Gm@layouthoffset=\dimen148
\Gm@layoutvoffset=\dimen149
\Gm@dimlist=\toks18
)
(/usr/share/texmf-dist/tex/xelatex/xecjk/xeCJK.sty
(/usr/share/texmf-dist/tex/latex/l3kernel/expl3.sty
Package: expl3 2025-01-18 L3 programming layer (loader) 

(/usr/share/texmf-dist/tex/latex/l3backend/l3backend-xetex.def
File: l3backend-xetex.def 2024-05-08 L3 backend support: XeTeX
\g__graphics_track_int=\count269
\l__pdf_internal_box=\box52
\g__pdf_backend_annotation_int=\count270
\g__pdf_backend_link_int=\count271
))
Package: xeCJK 2022/08/05 v3.9.1 Typesetting CJK scripts with XeLaTeX

(/usr/share/texmf-dist/tex/latex/ctex/ctexhook.sty
Package: ctexhook 2022/07/14 v2.5.10 Document and package hooks (CTEX)
)
(/usr/share/texmf-dist/tex/latex/l3packages/xtemplate/xtemplate.sty
Package: xtemplate 2024-08-16 L3 Experimental prototype document functions
)
\l__xeCJK_tmp_int=\count272
\l__xeCJK_tmp_box=\box53
\l__xeCJK_tmp_dim=\dimen150
\l__xeCJK_tmp_skip=\skip51
\g__xeCJK_space_factor_int=\count273
\l__xeCJK_begin_int=\count274
\l__xeCJK_end_int=\count275
\c__xeCJK_CJK_class_int=\XeTeXcharclass1
\c__xeCJK_FullLeft_class_int=\XeTeXcharclass2
\c__xeCJK_FullRight_class_int=\XeTeXcharclass3
\c__xeCJK_HalfLeft_class_int=\XeTeXcharclass4
\c__xeCJK_HalfRight_class_int=\XeTeXcharclass5
\c__xeCJK_NormalSpace_class_int=\XeTeXcharclass6
\c__xeCJK_CM_class_int=\XeTeXcharclass7
\c__xeCJK_HangulJamo_class_int=\XeTeXcharclass8
\l__xeCJK_last_skip=\skip52
\c__xeCJK_none_node=\count276
\g__xeCJK_node_int=\count277
\c__xeCJK_CJK_node_dim=\dimen151
\c__xeCJK_CJK-space_node_dim=\dimen152
\c__xeCJK_default_node_dim=\dimen153
\c__xeCJK_CJK-widow_node_dim=\dimen154
\c__xeCJK_normalspace_node_dim=\dimen155
\c__xeCJK_default-space_node_skip=\skip53
\l__xeCJK_ccglue_skip=\skip54
\l__xeCJK_ecglue_skip=\skip55
\l__xeCJK_punct_kern_skip=\skip56
\l__xeCJK_indent_box=\box54
\l__xeCJK_last_penalty_int=\count278
\l__xeCJK_last_bound_dim=\dimen156
\l__xeCJK_last_kern_dim=\dimen157
\l__xeCJK_widow_penalty_int=\count279

LaTeX template Info: Declaring template type 'xeCJK/punctuation' taking 0
(template)           argument(s) on line 2396.

\l__xeCJK_fixed_punct_width_dim=\dimen158
\l__xeCJK_mixed_punct_width_dim=\dimen159
\l__xeCJK_middle_punct_width_dim=\dimen160
\l__xeCJK_fixed_margin_width_dim=\dimen161
\l__xeCJK_mixed_margin_width_dim=\dimen162
\l__xeCJK_middle_margin_width_dim=\dimen163
\l__xeCJK_bound_punct_width_dim=\dimen164
\l__xeCJK_bound_margin_width_dim=\dimen165
\l__xeCJK_margin_minimum_dim=\dimen166
\l__xeCJK_kerning_total_width_dim=\dimen167
\l__xeCJK_same_align_margin_dim=\dimen168
\l__xeCJK_different_align_margin_dim=\dimen169
\l__xeCJK_kerning_margin_width_dim=\dimen170
\l__xeCJK_kerning_margin_minimum_dim=\dimen171
\l__xeCJK_bound_dim=\dimen172
\l__xeCJK_reverse_bound_dim=\dimen173
\l__xeCJK_margin_dim=\dimen174
\l__xeCJK_minimum_bound_dim=\dimen175
\l__xeCJK_kerning_margin_dim=\dimen176
\g__xeCJK_family_int=\count280
\l__xeCJK_fam_int=\count281
\g__xeCJK_fam_allocation_int=\count282
\l__xeCJK_verb_case_int=\count283
\l__xeCJK_verb_exspace_skip=\skip57

(/usr/share/texmf-dist/tex/latex/fontspec/fontspec.sty
(/usr/share/texmf-dist/tex/latex/l3packages/xparse/xparse.sty
Package: xparse 2024-08-16 L3 Experimental document command parser
)
Package: fontspec 2024/05/11 v2.9e Font selection for XeLaTeX and LuaLaTeX

(/usr/share/texmf-dist/tex/latex/fontspec/fontspec-xetex.sty
Package: fontspec-xetex 2024/05/11 v2.9e Font selection for XeLaTeX and LuaLaTe
X
\l__fontspec_script_int=\count284
\l__fontspec_language_int=\count285
\l__fontspec_strnum_int=\count286
\l__fontspec_tmp_int=\count287
\l__fontspec_tmpa_int=\count288
\l__fontspec_tmpb_int=\count289
\l__fontspec_tmpc_int=\count290
\l__fontspec_em_int=\count291
\l__fontspec_emdef_int=\count292
\l__fontspec_strong_int=\count293
\l__fontspec_strongdef_int=\count294
\l__fontspec_tmpa_dim=\dimen177
\l__fontspec_tmpb_dim=\dimen178
\l__fontspec_tmpc_dim=\dimen179

(/usr/share/texmf-dist/tex/latex/base/fontenc.sty
Package: fontenc 2021/04/29 v2.0v Standard LaTeX package
)
(/usr/share/texmf-dist/tex/latex/fontspec/fontspec.cfg)))
(/usr/share/texmf-dist/tex/xelatex/xecjk/xeCJK.cfg
File: xeCJK.cfg 2022/08/05 v3.9.1 Configuration file for xeCJK package
))
(/usr/share/texmf-dist/tex/latex/pgf/frontendlayer/tikz.sty
(/usr/share/texmf-dist/tex/latex/pgf/basiclayer/pgf.sty
(/usr/share/texmf-dist/tex/latex/pgf/utilities/pgfrcs.sty
(/usr/share/texmf-dist/tex/generic/pgf/utilities/pgfutil-common.tex
\pgfutil@everybye=\toks19
\pgfutil@tempdima=\dimen180
\pgfutil@tempdimb=\dimen181
)
(/usr/share/texmf-dist/tex/generic/pgf/utilities/pgfutil-latex.def
\pgfutil@abb=\box55
)
(/usr/share/texmf-dist/tex/generic/pgf/utilities/pgfrcs.code.tex
(/usr/share/texmf-dist/tex/generic/pgf/pgf.revision.tex)
Package: pgfrcs 2023-01-15 v3.1.10 (3.1.10)
))
Package: pgf 2023-01-15 v3.1.10 (3.1.10)

(/usr/share/texmf-dist/tex/latex/pgf/basiclayer/pgfcore.sty
(/usr/share/texmf-dist/tex/latex/graphics/graphicx.sty
Package: graphicx 2021/09/16 v1.2d Enhanced LaTeX Graphics (DPC,SPQR)

(/usr/share/texmf-dist/tex/latex/graphics/graphics.sty
Package: graphics 2024/08/06 v1.4g Standard LaTeX Graphics (DPC,SPQR)

(/usr/share/texmf-dist/tex/latex/graphics/trig.sty
Package: trig 2023/12/02 v1.11 sin cos tan (DPC)
)
(/usr/share/texmf-dist/tex/latex/graphics-cfg/graphics.cfg
File: graphics.cfg 2016/06/04 v1.11 sample graphics configuration
)
Package graphics Info: Driver file: xetex.def on input line 106.

(/usr/share/texmf-dist/tex/latex/graphics-def/xetex.def
File: xetex.def 2022/09/22 v5.0n Graphics/color driver for xetex
))
\Gin@req@height=\dimen182
\Gin@req@width=\dimen183
)
(/usr/share/texmf-dist/tex/latex/pgf/systemlayer/pgfsys.sty
(/usr/share/texmf-dist/tex/generic/pgf/systemlayer/pgfsys.code.tex
Package: pgfsys 2023-01-15 v3.1.10 (3.1.10)

(/usr/share/texmf-dist/tex/generic/pgf/utilities/pgfkeys.code.tex
\pgfkeys@pathtoks=\toks20
\pgfkeys@temptoks=\toks21

(/usr/share/texmf-dist/tex/generic/pgf/utilities/pgfkeyslibraryfiltered.code.te
x
\pgfkeys@tmptoks=\toks22
))
\pgf@x=\dimen184
\pgf@y=\dimen185
\pgf@xa=\dimen186
\pgf@ya=\dimen187
\pgf@xb=\dimen188
\pgf@yb=\dimen189
\pgf@xc=\dimen190
\pgf@yc=\dimen191
\pgf@xd=\dimen192
\pgf@yd=\dimen193
\w@pgf@writea=\write3
\r@pgf@reada=\read2
\c@pgf@counta=\count295
\c@pgf@countb=\count296
\c@pgf@countc=\count297
\c@pgf@countd=\count298
\t@pgf@toka=\toks23
\t@pgf@tokb=\toks24
\t@pgf@tokc=\toks25
\pgf@sys@id@count=\count299
 (/usr/share/texmf-dist/tex/generic/pgf/systemlayer/pgf.cfg
File: pgf.cfg 2023-01-15 v3.1.10 (3.1.10)
)
Driver file for pgf: pgfsys-xetex.def

(/usr/share/texmf-dist/tex/generic/pgf/systemlayer/pgfsys-xetex.def
File: pgfsys-xetex.def 2023-01-15 v3.1.10 (3.1.10)

(/usr/share/texmf-dist/tex/generic/pgf/systemlayer/pgfsys-dvipdfmx.def
File: pgfsys-dvipdfmx.def 2023-01-15 v3.1.10 (3.1.10)

(/usr/share/texmf-dist/tex/generic/pgf/systemlayer/pgfsys-common-pdf.def
File: pgfsys-common-pdf.def 2023-01-15 v3.1.10 (3.1.10)
)
\pgfsys@objnum=\count300
)))
(/usr/share/texmf-dist/tex/generic/pgf/systemlayer/pgfsyssoftpath.code.tex
File: pgfsyssoftpath.code.tex 2023-01-15 v3.1.10 (3.1.10)
\pgfsyssoftpath@smallbuffer@items=\count301
\pgfsyssoftpath@bigbuffer@items=\count302
)
(/usr/share/texmf-dist/tex/generic/pgf/systemlayer/pgfsysprotocol.code.tex
File: pgfsysprotocol.code.tex 2023-01-15 v3.1.10 (3.1.10)
))
(/usr/share/texmf-dist/tex/latex/xcolor/xcolor.sty
Package: xcolor 2024/09/29 v3.02 LaTeX color extensions (UK)

(/usr/share/texmf-dist/tex/latex/graphics-cfg/color.cfg
File: color.cfg 2016/01/02 v1.6 sample color configuration
)
Package xcolor Info: Driver file: xetex.def on input line 274.

(/usr/share/texmf-dist/tex/latex/graphics/mathcolor.ltx)
Package xcolor Info: Model `cmy' substituted by `cmy0' on input line 1349.
Package xcolor Info: Model `RGB' extended on input line 1365.
Package xcolor Info: Model `HTML' substituted by `rgb' on input line 1367.
Package xcolor Info: Model `Hsb' substituted by `hsb' on input line 1368.
Package xcolor Info: Model `tHsb' substituted by `hsb' on input line 1369.
Package xcolor Info: Model `HSB' substituted by `hsb' on input line 1370.
Package xcolor Info: Model `Gray' substituted by `gray' on input line 1371.
Package xcolor Info: Model `wave' substituted by `hsb' on input line 1372.
)
(/usr/share/texmf-dist/tex/generic/pgf/basiclayer/pgfcore.code.tex
Package: pgfcore 2023-01-15 v3.1.10 (3.1.10)

(/usr/share/texmf-dist/tex/generic/pgf/math/pgfmath.code.tex
(/usr/share/texmf-dist/tex/generic/pgf/math/pgfmathutil.code.tex)
(/usr/share/texmf-dist/tex/generic/pgf/math/pgfmathparser.code.tex
\pgfmath@dimen=\dimen194
\pgfmath@count=\count303
\pgfmath@box=\box56
\pgfmath@toks=\toks26
\pgfmath@stack@operand=\toks27
\pgfmath@stack@operation=\toks28
)
(/usr/share/texmf-dist/tex/generic/pgf/math/pgfmathfunctions.code.tex)
(/usr/share/texmf-dist/tex/generic/pgf/math/pgfmathfunctions.basic.code.tex)
(/usr/share/texmf-dist/tex/generic/pgf/math/pgfmathfunctions.trigonometric.code
.tex)
(/usr/share/texmf-dist/tex/generic/pgf/math/pgfmathfunctions.random.code.tex)
(/usr/share/texmf-dist/tex/generic/pgf/math/pgfmathfunctions.comparison.code.te
x) (/usr/share/texmf-dist/tex/generic/pgf/math/pgfmathfunctions.base.code.tex)
(/usr/share/texmf-dist/tex/generic/pgf/math/pgfmathfunctions.round.code.tex)
(/usr/share/texmf-dist/tex/generic/pgf/math/pgfmathfunctions.misc.code.tex)
(/usr/share/texmf-dist/tex/generic/pgf/math/pgfmathfunctions.integerarithmetics
.code.tex) (/usr/share/texmf-dist/tex/generic/pgf/math/pgfmathcalc.code.tex)
(/usr/share/texmf-dist/tex/generic/pgf/math/pgfmathfloat.code.tex
\c@pgfmathroundto@lastzeros=\count304
))
(/usr/share/texmf-dist/tex/generic/pgf/math/pgfint.code.tex)
(/usr/share/texmf-dist/tex/generic/pgf/basiclayer/pgfcorepoints.code.tex
File: pgfcorepoints.code.tex 2023-01-15 v3.1.10 (3.1.10)
\pgf@picminx=\dimen195
\pgf@picmaxx=\dimen196
\pgf@picminy=\dimen197
\pgf@picmaxy=\dimen198
\pgf@pathminx=\dimen199
\pgf@pathmaxx=\dimen256
\pgf@pathminy=\dimen257
\pgf@pathmaxy=\dimen258
\pgf@xx=\dimen259
\pgf@xy=\dimen260
\pgf@yx=\dimen261
\pgf@yy=\dimen262
\pgf@zx=\dimen263
\pgf@zy=\dimen264
)
(/usr/share/texmf-dist/tex/generic/pgf/basiclayer/pgfcorepathconstruct.code.tex
File: pgfcorepathconstruct.code.tex 2023-01-15 v3.1.10 (3.1.10)
\pgf@path@lastx=\dimen265
\pgf@path@lasty=\dimen266
) (/usr/share/texmf-dist/tex/generic/pgf/basiclayer/pgfcorepathusage.code.tex
File: pgfcorepathusage.code.tex 2023-01-15 v3.1.10 (3.1.10)
\pgf@shorten@end@additional=\dimen267
\pgf@shorten@start@additional=\dimen268
)
(/usr/share/texmf-dist/tex/generic/pgf/basiclayer/pgfcorescopes.code.tex
File: pgfcorescopes.code.tex 2023-01-15 v3.1.10 (3.1.10)
\pgfpic=\box57
\pgf@hbox=\box58
\pgf@layerbox@main=\box59
\pgf@picture@serial@count=\count305
)
(/usr/share/texmf-dist/tex/generic/pgf/basiclayer/pgfcoregraphicstate.code.tex
File: pgfcoregraphicstate.code.tex 2023-01-15 v3.1.10 (3.1.10)
\pgflinewidth=\dimen269
)
(/usr/share/texmf-dist/tex/generic/pgf/basiclayer/pgfcoretransformations.code.t
ex
File: pgfcoretransformations.code.tex 2023-01-15 v3.1.10 (3.1.10)
\pgf@pt@x=\dimen270
\pgf@pt@y=\dimen271
\pgf@pt@temp=\dimen272
) (/usr/share/texmf-dist/tex/generic/pgf/basiclayer/pgfcorequick.code.tex
File: pgfcorequick.code.tex 2023-01-15 v3.1.10 (3.1.10)
)
(/usr/share/texmf-dist/tex/generic/pgf/basiclayer/pgfcoreobjects.code.tex
File: pgfcoreobjects.code.tex 2023-01-15 v3.1.10 (3.1.10)
)
(/usr/share/texmf-dist/tex/generic/pgf/basiclayer/pgfcorepathprocessing.code.te
x
File: pgfcorepathprocessing.code.tex 2023-01-15 v3.1.10 (3.1.10)
) (/usr/share/texmf-dist/tex/generic/pgf/basiclayer/pgfcorearrows.code.tex
File: pgfcorearrows.code.tex 2023-01-15 v3.1.10 (3.1.10)
\pgfarrowsep=\dimen273
)
(/usr/share/texmf-dist/tex/generic/pgf/basiclayer/pgfcoreshade.code.tex
File: pgfcoreshade.code.tex 2023-01-15 v3.1.10 (3.1.10)
\pgf@max=\dimen274
\pgf@sys@shading@range@num=\count306
\pgf@shadingcount=\count307
)
(/usr/share/texmf-dist/tex/generic/pgf/basiclayer/pgfcoreimage.code.tex
File: pgfcoreimage.code.tex 2023-01-15 v3.1.10 (3.1.10)
)
(/usr/share/texmf-dist/tex/generic/pgf/basiclayer/pgfcoreexternal.code.tex
File: pgfcoreexternal.code.tex 2023-01-15 v3.1.10 (3.1.10)
\pgfexternal@startupbox=\box60
)
(/usr/share/texmf-dist/tex/generic/pgf/basiclayer/pgfcorelayers.code.tex
File: pgfcorelayers.code.tex 2023-01-15 v3.1.10 (3.1.10)
)
(/usr/share/texmf-dist/tex/generic/pgf/basiclayer/pgfcoretransparency.code.tex
File: pgfcoretransparency.code.tex 2023-01-15 v3.1.10 (3.1.10)
) (/usr/share/texmf-dist/tex/generic/pgf/basiclayer/pgfcorepatterns.code.tex
File: pgfcorepatterns.code.tex 2023-01-15 v3.1.10 (3.1.10)
)
(/usr/share/texmf-dist/tex/generic/pgf/basiclayer/pgfcorerdf.code.tex
File: pgfcorerdf.code.tex 2023-01-15 v3.1.10 (3.1.10)
)))
(/usr/share/texmf-dist/tex/generic/pgf/modules/pgfmoduleshapes.code.tex
File: pgfmoduleshapes.code.tex 2023-01-15 v3.1.10 (3.1.10)
\pgfnodeparttextbox=\box61
)
(/usr/share/texmf-dist/tex/generic/pgf/modules/pgfmoduleplot.code.tex
File: pgfmoduleplot.code.tex 2023-01-15 v3.1.10 (3.1.10)
)
(/usr/share/texmf-dist/tex/latex/pgf/compatibility/pgfcomp-version-0-65.sty
Package: pgfcomp-version-0-65 2023-01-15 v3.1.10 (3.1.10)
\pgf@nodesepstart=\dimen275
\pgf@nodesepend=\dimen276
)
(/usr/share/texmf-dist/tex/latex/pgf/compatibility/pgfcomp-version-1-18.sty
Package: pgfcomp-version-1-18 2023-01-15 v3.1.10 (3.1.10)
))
(/usr/share/texmf-dist/tex/latex/pgf/utilities/pgffor.sty
(/usr/share/texmf-dist/tex/latex/pgf/utilities/pgfkeys.sty
(/usr/share/texmf-dist/tex/generic/pgf/utilities/pgfkeys.code.tex))
(/usr/share/texmf-dist/tex/latex/pgf/math/pgfmath.sty
(/usr/share/texmf-dist/tex/generic/pgf/math/pgfmath.code.tex))
(/usr/share/texmf-dist/tex/generic/pgf/utilities/pgffor.code.tex
Package: pgffor 2023-01-15 v3.1.10 (3.1.10)
\pgffor@iter=\dimen277
\pgffor@skip=\dimen278
\pgffor@stack=\toks29
\pgffor@toks=\toks30
))
(/usr/share/texmf-dist/tex/generic/pgf/frontendlayer/tikz/tikz.code.tex
Package: tikz 2023-01-15 v3.1.10 (3.1.10)

(/usr/share/texmf-dist/tex/generic/pgf/libraries/pgflibraryplothandlers.code.te
x
File: pgflibraryplothandlers.code.tex 2023-01-15 v3.1.10 (3.1.10)
\pgf@plot@mark@count=\count308
\pgfplotmarksize=\dimen279
)
\tikz@lastx=\dimen280
\tikz@lasty=\dimen281
\tikz@lastxsaved=\dimen282
\tikz@lastysaved=\dimen283
\tikz@lastmovetox=\dimen284
\tikz@lastmovetoy=\dimen285
\tikzleveldistance=\dimen286
\tikzsiblingdistance=\dimen287
\tikz@figbox=\box62
\tikz@figbox@bg=\box63
\tikz@tempbox=\box64
\tikz@tempbox@bg=\box65
\tikztreelevel=\count309
\tikznumberofchildren=\count310
\tikznumberofcurrentchild=\count311
\tikz@fig@count=\count312
 (/usr/share/texmf-dist/tex/generic/pgf/modules/pgfmodulematrix.code.tex
File: pgfmodulematrix.code.tex 2023-01-15 v3.1.10 (3.1.10)
\pgfmatrixcurrentrow=\count313
\pgfmatrixcurrentcolumn=\count314
\pgf@matrix@numberofcolumns=\count315
)
\tikz@expandcount=\count316

(/usr/share/texmf-dist/tex/generic/pgf/frontendlayer/tikz/libraries/tikzlibrary
topaths.code.tex
File: tikzlibrarytopaths.code.tex 2023-01-15 v3.1.10 (3.1.10)
))) (/usr/share/texmf-dist/tex/latex/tools/tabularx.sty
Package: tabularx 2023/12/11 v2.12a `tabularx' package (DPC)

(/usr/share/texmf-dist/tex/latex/tools/array.sty
Package: array 2024/10/17 v2.6g Tabular extension package (FMi)
\col@sep=\dimen288
\ar@mcellbox=\box66
\extrarowheight=\dimen289
\NC@list=\toks31
\extratabsurround=\skip58
\backup@length=\skip59
\ar@cellbox=\box67
)
\TX@col@width=\dimen290
\TX@old@table=\dimen291
\TX@old@col=\dimen292
\TX@target=\dimen293
\TX@delta=\dimen294
\TX@cols=\count317
\TX@ftn=\toks32
)
(/usr/share/texmf-dist/tex/latex/tools/calc.sty
Package: calc 2023/07/08 v4.3 Infix arithmetic (KKT,FJ)
\calc@Acount=\count318
\calc@Bcount=\count319
\calc@Adimen=\dimen295
\calc@Bdimen=\dimen296
\calc@Askip=\skip60
\calc@Bskip=\skip61
LaTeX Info: Redefining \setlength on input line 80.
LaTeX Info: Redefining \addtolength on input line 81.
\calc@Ccount=\count320
\calc@Cskip=\skip62
)

Package fontspec Info: 
(fontspec)             Could not resolve font "Noto Sans CJK SC/I" (it
(fontspec)             probably doesn't exist).


Package fontspec Info: 
(fontspec)             Font family 'NotoSansCJKSC(0)' created for font 'Noto
(fontspec)             Sans CJK SC' with options [Script={CJK}].
(fontspec)              
(fontspec)              This font family consists of the following NFSS
(fontspec)             series/shapes:
(fontspec)              
(fontspec)             - 'normal' (m/n) with NFSS spec.: <->"Noto Sans CJK
(fontspec)             SC/OT:script=hani;language=dflt;"
(fontspec)             - 'bold' (b/n) with NFSS spec.: <->"Noto Sans CJK
(fontspec)             SC/B/OT:script=hani;language=dflt;"
(fontspec)             - 'bold italic' (b/it) with NFSS spec.: <->"Noto Sans
(fontspec)             CJK SC/BI/OT:script=hani;language=dflt;"

 (./lesson9-practice-sheets.aux)
\openout1 = `lesson9-practice-sheets.aux'.

LaTeX Font Info:    Checking defaults for OML/cmm/m/it on input line 53.
LaTeX Font Info:    ... okay on input line 53.
LaTeX Font Info:    Checking defaults for OMS/cmsy/m/n on input line 53.
LaTeX Font Info:    ... okay on input line 53.
LaTeX Font Info:    Checking defaults for OT1/cmr/m/n on input line 53.
LaTeX Font Info:    ... okay on input line 53.
LaTeX Font Info:    Checking defaults for T1/cmr/m/n on input line 53.
LaTeX Font Info:    ... okay on input line 53.
LaTeX Font Info:    Checking defaults for TS1/cmr/m/n on input line 53.
LaTeX Font Info:    ... okay on input line 53.
LaTeX Font Info:    Checking defaults for TU/lmr/m/n on input line 53.
LaTeX Font Info:    ... okay on input line 53.
LaTeX Font Info:    Checking defaults for OMX/cmex/m/n on input line 53.
LaTeX Font Info:    ... okay on input line 53.
LaTeX Font Info:    Checking defaults for U/cmr/m/n on input line 53.
LaTeX Font Info:    ... okay on input line 53.

*geometry* driver: auto-detecting
*geometry* detected driver: xetex
*geometry* verbose mode - [ preamble ] result:
* driver: xetex
* paper: a4paper
* layout: <same size as paper>
* layoutoffset:(h,v)=(0.0pt,0.0pt)
* modes: 
* h-part:(L,W,R)=(28.90755pt, 539.69278pt, 28.90755pt)
* v-part:(T,H,B)=(28.90755pt, 787.23175pt, 28.90755pt)
* \paperwidth=597.50787pt
* \paperheight=845.04684pt
* \textwidth=539.69278pt
* \textheight=787.23175pt
* \oddsidemargin=-43.36244pt
* \evensidemargin=-43.36244pt
* \topmargin=-80.36244pt
* \headheight=12.0pt
* \headsep=25.0pt
* \topskip=12.0pt
* \footskip=30.0pt
* \marginparwidth=44.0pt
* \marginparsep=10.0pt
* \columnsep=10.0pt
* \skip\footins=10.8pt plus 4.0pt minus 2.0pt
* \hoffset=0.0pt
* \voffset=0.0pt
* \mag=1000
* \@twocolumnfalse
* \@twosidefalse
* \@mparswitchfalse
* \@reversemarginfalse
* (1in=72.27pt=25.4mm, 1cm=28.453pt)


Package fontspec Info: 
(fontspec)             Adjusting the maths setup (use [no-math] to avoid
(fontspec)             this).

\symlegacymaths=\mathgroup4
LaTeX Font Info:    Overwriting symbol font `legacymaths' in version `bold'
(Font)                  OT1/cmr/m/n --> OT1/cmr/bx/n on input line 53.
LaTeX Font Info:    Redeclaring math accent \acute on input line 53.
LaTeX Font Info:    Redeclaring math accent \grave on input line 53.
LaTeX Font Info:    Redeclaring math accent \ddot on input line 53.
LaTeX Font Info:    Redeclaring math accent \tilde on input line 53.
LaTeX Font Info:    Redeclaring math accent \bar on input line 53.
LaTeX Font Info:    Redeclaring math accent \breve on input line 53.
LaTeX Font Info:    Redeclaring math accent \check on input line 53.
LaTeX Font Info:    Redeclaring math accent \hat on input line 53.
LaTeX Font Info:    Redeclaring math accent \dot on input line 53.
LaTeX Font Info:    Redeclaring math accent \mathring on input line 53.
LaTeX Font Info:    Redeclaring math symbol \colon on input line 53.
LaTeX Font Info:    Redeclaring math symbol \Gamma on input line 53.
LaTeX Font Info:    Redeclaring math symbol \Delta on input line 53.
LaTeX Font Info:    Redeclaring math symbol \Theta on input line 53.
LaTeX Font Info:    Redeclaring math symbol \Lambda on input line 53.
LaTeX Font Info:    Redeclaring math symbol \Xi on input line 53.
LaTeX Font Info:    Redeclaring math symbol \Pi on input line 53.
LaTeX Font Info:    Redeclaring math symbol \Sigma on input line 53.
LaTeX Font Info:    Redeclaring math symbol \Upsilon on input line 53.
LaTeX Font Info:    Redeclaring math symbol \Phi on input line 53.
LaTeX Font Info:    Redeclaring math symbol \Psi on input line 53.
LaTeX Font Info:    Redeclaring math symbol \Omega on input line 53.
LaTeX Font Info:    Redeclaring math symbol \mathdollar on input line 53.
LaTeX Font Info:    Redeclaring symbol font `operators' on input line 53.
LaTeX Font Info:    Encoding `OT1' has changed to `TU' for symbol font
(Font)              `operators' in the math version `normal' on input line 53.
LaTeX Font Info:    Overwriting symbol font `operators' in version `normal'
(Font)                  OT1/cmr/m/n --> TU/lmr/m/n on input line 53.
LaTeX Font Info:    Encoding `OT1' has changed to `TU' for symbol font
(Font)              `operators' in the math version `bold' on input line 53.
LaTeX Font Info:    Overwriting symbol font `operators' in version `bold'
(Font)                  OT1/cmr/bx/n --> TU/lmr/m/n on input line 53.
LaTeX Font Info:    Overwriting symbol font `operators' in version `normal'
(Font)                  TU/lmr/m/n --> TU/lmr/m/n on input line 53.
LaTeX Font Info:    Overwriting math alphabet `\mathit' in version `normal'
(Font)                  OT1/cmr/m/it --> TU/lmr/m/it on input line 53.
LaTeX Font Info:    Overwriting math alphabet `\mathbf' in version `normal'
(Font)                  OT1/cmr/bx/n --> TU/lmr/b/n on input line 53.
LaTeX Font Info:    Overwriting math alphabet `\mathsf' in version `normal'
(Font)                  OT1/cmss/m/n --> TU/lmss/m/n on input line 53.
LaTeX Font Info:    Overwriting math alphabet `\mathtt' in version `normal'
(Font)                  OT1/cmtt/m/n --> TU/lmtt/m/n on input line 53.
LaTeX Font Info:    Overwriting symbol font `operators' in version `bold'
(Font)                  TU/lmr/m/n --> TU/lmr/b/n on input line 53.
LaTeX Font Info:    Overwriting math alphabet `\mathit' in version `bold'
(Font)                  OT1/cmr/bx/it --> TU/lmr/b/it on input line 53.
LaTeX Font Info:    Overwriting math alphabet `\mathsf' in version `bold'
(Font)                  OT1/cmss/bx/n --> TU/lmss/b/n on input line 53.
LaTeX Font Info:    Overwriting math alphabet `\mathtt' in version `bold'
(Font)                  OT1/cmtt/m/n --> TU/lmtt/b/n on input line 53.

Overfull \hbox (1146.04819pt too wide) in paragraph at lines 56--60
[] 
 []


Overfull \hbox (1146.04819pt too wide) in paragraph at lines 56--60
[] 
 []


Overfull \hbox (1146.04819pt too wide) in paragraph at lines 56--60
[] 
 []


Overfull \hbox (1146.04819pt too wide) in paragraph at lines 56--60
[] 
 []


Overfull \hbox (1146.04819pt too wide) in paragraph at lines 56--60
[] 
 []


Overfull \hbox (2198.47711pt too wide) in paragraph at lines 56--60
[] 
 []


Overfull \hbox (2198.47711pt too wide) in paragraph at lines 56--60
[] 
 []


Overfull \hbox (2198.47711pt too wide) in paragraph at lines 56--60
[] 
 []


Overfull \hbox (2198.47711pt too wide) in paragraph at lines 56--60
[] 
 []


Overfull \hbox (2198.47711pt too wide) in paragraph at lines 56--60
[] 
 []


Overfull \hbox (93.61925pt too wide) in paragraph at lines 56--60
[] 
 []


Overfull \hbox (93.61925pt too wide) in paragraph at lines 56--60
[] 
 []


Overfull \hbox (93.61925pt too wide) in paragraph at lines 56--60
[] 
 []


Overfull \hbox (93.61925pt too wide) in paragraph at lines 56--60
[] 
 []


Overfull \hbox (93.61925pt too wide) in paragraph at lines 56--60
[] 
 []


Underfull \hbox (badness 10000) in paragraph at lines 56--60

 []



[1

]
Overfull \hbox (1146.04819pt too wide) in paragraph at lines 64--68
[] 
 []


Overfull \hbox (1146.04819pt too wide) in paragraph at lines 64--68
[] 
 []


Overfull \hbox (1146.04819pt too wide) in paragraph at lines 64--68
[] 
 []


Overfull \hbox (1146.04819pt too wide) in paragraph at lines 64--68
[] 
 []


Overfull \hbox (1146.04819pt too wide) in paragraph at lines 64--68
[] 
 []


Overfull \hbox (1146.04819pt too wide) in paragraph at lines 64--68
[] 
 []


Overfull \hbox (1146.04819pt too wide) in paragraph at lines 64--68
[] 
 []


Overfull \hbox (1146.04819pt too wide) in paragraph at lines 64--68
[] 
 []


Overfull \hbox (1146.04819pt too wide) in paragraph at lines 64--68
[] 
 []


Overfull \hbox (1146.04819pt too wide) in paragraph at lines 64--68
[] 
 []


Overfull \hbox (93.61925pt too wide) in paragraph at lines 64--68
[] 
 []


Overfull \hbox (93.61925pt too wide) in paragraph at lines 64--68
[] 
 []


Overfull \hbox (93.61925pt too wide) in paragraph at lines 64--68
[] 
 []


Overfull \hbox (93.61925pt too wide) in paragraph at lines 64--68
[] 
 []


Overfull \hbox (93.61925pt too wide) in paragraph at lines 64--68
[] 
 []


Underfull \hbox (badness 10000) in paragraph at lines 64--68

 []



[2]
Overfull \hbox (2198.47711pt too wide) in paragraph at lines 72--76
[] 
 []


Overfull \hbox (2198.47711pt too wide) in paragraph at lines 72--76
[] 
 []


Overfull \hbox (2198.47711pt too wide) in paragraph at lines 72--76
[] 
 []


Overfull \hbox (2198.47711pt too wide) in paragraph at lines 72--76
[] 
 []


Overfull \hbox (2198.47711pt too wide) in paragraph at lines 72--76
[] 
 []


Overfull \hbox (1146.04819pt too wide) in paragraph at lines 72--76
[] 
 []


Overfull \hbox (1146.04819pt too wide) in paragraph at lines 72--76
[] 
 []


Overfull \hbox (1146.04819pt too wide) in paragraph at lines 72--76
[] 
 []


Overfull \hbox (1146.04819pt too wide) in paragraph at lines 72--76
[] 
 []


Overfull \hbox (1146.04819pt too wide) in paragraph at lines 72--76
[] 
 []


Overfull \hbox (93.61925pt too wide) in paragraph at lines 72--76
[] 
 []


Overfull \hbox (93.61925pt too wide) in paragraph at lines 72--76
[] 
 []


Overfull \hbox (93.61925pt too wide) in paragraph at lines 72--76
[] 
 []


Overfull \hbox (93.61925pt too wide) in paragraph at lines 72--76
[] 
 []


Overfull \hbox (93.61925pt too wide) in paragraph at lines 72--76
[] 
 []


Underfull \hbox (badness 10000) in paragraph at lines 72--76

 []



[3]
Overfull \hbox (3250.90605pt too wide) in paragraph at lines 80--84
[] 
 []


Overfull \hbox (3250.90605pt too wide) in paragraph at lines 80--84
[] 
 []


Overfull \hbox (3250.90605pt too wide) in paragraph at lines 80--84
[] 
 []


Overfull \hbox (3250.90605pt too wide) in paragraph at lines 80--84
[] 
 []


Overfull \hbox (3250.90605pt too wide) in paragraph at lines 80--84
[] 
 []


Overfull \hbox (1146.04819pt too wide) in paragraph at lines 80--84
[] 
 []


Overfull \hbox (1146.04819pt too wide) in paragraph at lines 80--84
[] 
 []


Overfull \hbox (1146.04819pt too wide) in paragraph at lines 80--84
[] 
 []


Overfull \hbox (1146.04819pt too wide) in paragraph at lines 80--84
[] 
 []


Overfull \hbox (1146.04819pt too wide) in paragraph at lines 80--84
[] 
 []


Overfull \hbox (93.61925pt too wide) in paragraph at lines 80--84
[] 
 []


Overfull \hbox (93.61925pt too wide) in paragraph at lines 80--84
[] 
 []


Overfull \hbox (93.61925pt too wide) in paragraph at lines 80--84
[] 
 []


Overfull \hbox (93.61925pt too wide) in paragraph at lines 80--84
[] 
 []


Overfull \hbox (93.61925pt too wide) in paragraph at lines 80--84
[] 
 []


Underfull \hbox (badness 10000) in paragraph at lines 80--84

 []



[4]
Overfull \hbox (2198.47711pt too wide) in paragraph at lines 88--92
[] 
 []


Overfull \hbox (2198.47711pt too wide) in paragraph at lines 88--92
[] 
 []


Overfull \hbox (2198.47711pt too wide) in paragraph at lines 88--92
[] 
 []


Overfull \hbox (2198.47711pt too wide) in paragraph at lines 88--92
[] 
 []


Overfull \hbox (2198.47711pt too wide) in paragraph at lines 88--92
[] 
 []


Overfull \hbox (1146.04819pt too wide) in paragraph at lines 88--92
[] 
 []


Overfull \hbox (1146.04819pt too wide) in paragraph at lines 88--92
[] 
 []


Overfull \hbox (1146.04819pt too wide) in paragraph at lines 88--92
[] 
 []


Overfull \hbox (1146.04819pt too wide) in paragraph at lines 88--92
[] 
 []


Overfull \hbox (1146.04819pt too wide) in paragraph at lines 88--92
[] 
 []


Overfull \hbox (93.61925pt too wide) in paragraph at lines 88--92
[] 
 []


Overfull \hbox (93.61925pt too wide) in paragraph at lines 88--92
[] 
 []


Overfull \hbox (93.61925pt too wide) in paragraph at lines 88--92
[] 
 []


Overfull \hbox (93.61925pt too wide) in paragraph at lines 88--92
[] 
 []


Overfull \hbox (93.61925pt too wide) in paragraph at lines 88--92
[] 
 []


Underfull \hbox (badness 10000) in paragraph at lines 88--92

 []



[5]
Overfull \hbox (2198.47711pt too wide) in paragraph at lines 96--100
[] 
 []


Overfull \hbox (2198.47711pt too wide) in paragraph at lines 96--100
[] 
 []


Overfull \hbox (2198.47711pt too wide) in paragraph at lines 96--100
[] 
 []


Overfull \hbox (2198.47711pt too wide) in paragraph at lines 96--100
[] 
 []


Overfull \hbox (2198.47711pt too wide) in paragraph at lines 96--100
[] 
 []


Overfull \hbox (1146.04819pt too wide) in paragraph at lines 96--100
[] 
 []


Overfull \hbox (1146.04819pt too wide) in paragraph at lines 96--100
[] 
 []


Overfull \hbox (1146.04819pt too wide) in paragraph at lines 96--100
[] 
 []


Overfull \hbox (1146.04819pt too wide) in paragraph at lines 96--100
[] 
 []


Overfull \hbox (1146.04819pt too wide) in paragraph at lines 96--100
[] 
 []


Overfull \hbox (93.61925pt too wide) in paragraph at lines 96--100
[] 
 []


Overfull \hbox (93.61925pt too wide) in paragraph at lines 96--100
[] 
 []


Overfull \hbox (93.61925pt too wide) in paragraph at lines 96--100
[] 
 []


Overfull \hbox (93.61925pt too wide) in paragraph at lines 96--100
[] 
 []


Overfull \hbox (93.61925pt too wide) in paragraph at lines 96--100
[] 
 []


Underfull \hbox (badness 10000) in paragraph at lines 96--100

 []



[6]
Overfull \hbox (1146.04819pt too wide) in paragraph at lines 104--108
[] 
 []


Overfull \hbox (1146.04819pt too wide) in paragraph at lines 104--108
[] 
 []


Overfull \hbox (1146.04819pt too wide) in paragraph at lines 104--108
[] 
 []


Overfull \hbox (1146.04819pt too wide) in paragraph at lines 104--108
[] 
 []


Overfull \hbox (1146.04819pt too wide) in paragraph at lines 104--108
[] 
 []


Overfull \hbox (1146.04819pt too wide) in paragraph at lines 104--108
[] 
 []


Overfull \hbox (1146.04819pt too wide) in paragraph at lines 104--108
[] 
 []


Overfull \hbox (1146.04819pt too wide) in paragraph at lines 104--108
[] 
 []


Overfull \hbox (1146.04819pt too wide) in paragraph at lines 104--108
[] 
 []


Overfull \hbox (1146.04819pt too wide) in paragraph at lines 104--108
[] 
 []


Overfull \hbox (1146.04819pt too wide) in paragraph at lines 104--108
[] 
 []


Overfull \hbox (1146.04819pt too wide) in paragraph at lines 104--108
[] 
 []


Overfull \hbox (1146.04819pt too wide) in paragraph at lines 104--108
[] 
 []


Overfull \hbox (1146.04819pt too wide) in paragraph at lines 104--108
[] 
 []


Overfull \hbox (1146.04819pt too wide) in paragraph at lines 104--108
[] 
 []


Underfull \hbox (badness 10000) in paragraph at lines 104--108

 []



[7]
Overfull \hbox (1146.04819pt too wide) in paragraph at lines 112--116
[] 
 []


Overfull \hbox (1146.04819pt too wide) in paragraph at lines 112--116
[] 
 []


Overfull \hbox (1146.04819pt too wide) in paragraph at lines 112--116
[] 
 []


Overfull \hbox (1146.04819pt too wide) in paragraph at lines 112--116
[] 
 []


Overfull \hbox (1146.04819pt too wide) in paragraph at lines 112--116
[] 
 []


Overfull \hbox (1146.04819pt too wide) in paragraph at lines 112--116
[] 
 []


Overfull \hbox (1146.04819pt too wide) in paragraph at lines 112--116
[] 
 []


Overfull \hbox (1146.04819pt too wide) in paragraph at lines 112--116
[] 
 []


Overfull \hbox (1146.04819pt too wide) in paragraph at lines 112--116
[] 
 []


Overfull \hbox (1146.04819pt too wide) in paragraph at lines 112--116
[] 
 []


Overfull \hbox (1146.04819pt too wide) in paragraph at lines 112--116
[] 
 []


Overfull \hbox (1146.04819pt too wide) in paragraph at lines 112--116
[] 
 []


Overfull \hbox (1146.04819pt too wide) in paragraph at lines 112--116
[] 
 []


Overfull \hbox (1146.04819pt too wide) in paragraph at lines 112--116
[] 
 []


Overfull \hbox (1146.04819pt too wide) in paragraph at lines 112--116
[] 
 []


Underfull \hbox (badness 10000) in paragraph at lines 112--116

 []



[8]
Overfull \hbox (1146.04819pt too wide) in paragraph at lines 120--124
[] 
 []


Overfull \hbox (1146.04819pt too wide) in paragraph at lines 120--124
[] 
 []


Overfull \hbox (1146.04819pt too wide) in paragraph at lines 120--124
[] 
 []


Overfull \hbox (1146.04819pt too wide) in paragraph at lines 120--124
[] 
 []


Overfull \hbox (1146.04819pt too wide) in paragraph at lines 120--124
[] 
 []


Overfull \hbox (1146.04819pt too wide) in paragraph at lines 120--124
[] 
 []


Overfull \hbox (1146.04819pt too wide) in paragraph at lines 120--124
[] 
 []


Overfull \hbox (1146.04819pt too wide) in paragraph at lines 120--124
[] 
 []


Overfull \hbox (1146.04819pt too wide) in paragraph at lines 120--124
[] 
 []


Overfull \hbox (1146.04819pt too wide) in paragraph at lines 120--124
[] 
 []


Overfull \hbox (1146.04819pt too wide) in paragraph at lines 120--124
[] 
 []


Overfull \hbox (1146.04819pt too wide) in paragraph at lines 120--124
[] 
 []


Overfull \hbox (1146.04819pt too wide) in paragraph at lines 120--124
[] 
 []


Overfull \hbox (1146.04819pt too wide) in paragraph at lines 120--124
[] 
 []


Overfull \hbox (1146.04819pt too wide) in paragraph at lines 120--124
[] 
 []


Underfull \hbox (badness 10000) in paragraph at lines 120--124

 []



[9]
Overfull \hbox (1146.04819pt too wide) in paragraph at lines 128--132
[] 
 []


Overfull \hbox (1146.04819pt too wide) in paragraph at lines 128--132
[] 
 []


Overfull \hbox (1146.04819pt too wide) in paragraph at lines 128--132
[] 
 []


Overfull \hbox (1146.04819pt too wide) in paragraph at lines 128--132
[] 
 []


Overfull \hbox (1146.04819pt too wide) in paragraph at lines 128--132
[] 
 []


Overfull \hbox (1146.04819pt too wide) in paragraph at lines 128--132
[] 
 []


Overfull \hbox (1146.04819pt too wide) in paragraph at lines 128--132
[] 
 []


Overfull \hbox (1146.04819pt too wide) in paragraph at lines 128--132
[] 
 []


Overfull \hbox (1146.04819pt too wide) in paragraph at lines 128--132
[] 
 []


Overfull \hbox (1146.04819pt too wide) in paragraph at lines 128--132
[] 
 []


Overfull \hbox (1146.04819pt too wide) in paragraph at lines 128--132
[] 
 []


Overfull \hbox (1146.04819pt too wide) in paragraph at lines 128--132
[] 
 []


Overfull \hbox (1146.04819pt too wide) in paragraph at lines 128--132
[] 
 []


Overfull \hbox (1146.04819pt too wide) in paragraph at lines 128--132
[] 
 []


Overfull \hbox (1146.04819pt too wide) in paragraph at lines 128--132
[] 
 []


Underfull \hbox (badness 10000) in paragraph at lines 128--132

 []



[10]
Overfull \hbox (1146.04819pt too wide) in paragraph at lines 136--140
[] 
 []


Overfull \hbox (1146.04819pt too wide) in paragraph at lines 136--140
[] 
 []


Overfull \hbox (1146.04819pt too wide) in paragraph at lines 136--140
[] 
 []


Overfull \hbox (1146.04819pt too wide) in paragraph at lines 136--140
[] 
 []


Overfull \hbox (1146.04819pt too wide) in paragraph at lines 136--140
[] 
 []


Overfull \hbox (1146.04819pt too wide) in paragraph at lines 136--140
[] 
 []


Overfull \hbox (1146.04819pt too wide) in paragraph at lines 136--140
[] 
 []


Overfull \hbox (1146.04819pt too wide) in paragraph at lines 136--140
[] 
 []


Overfull \hbox (1146.04819pt too wide) in paragraph at lines 136--140
[] 
 []


Overfull \hbox (1146.04819pt too wide) in paragraph at lines 136--140
[] 
 []


Overfull \hbox (1146.04819pt too wide) in paragraph at lines 136--140
[] 
 []


Overfull \hbox (1146.04819pt too wide) in paragraph at lines 136--140
[] 
 []


Overfull \hbox (1146.04819pt too wide) in paragraph at lines 136--140
[] 
 []


Overfull \hbox (1146.04819pt too wide) in paragraph at lines 136--140
[] 
 []


Overfull \hbox (1146.04819pt too wide) in paragraph at lines 136--140
[] 
 []


Underfull \hbox (badness 10000) in paragraph at lines 136--140

 []



[11]
Overfull \hbox (1146.04819pt too wide) in paragraph at lines 144--148
[] 
 []


Overfull \hbox (1146.04819pt too wide) in paragraph at lines 144--148
[] 
 []


Overfull \hbox (1146.04819pt too wide) in paragraph at lines 144--148
[] 
 []


Overfull \hbox (1146.04819pt too wide) in paragraph at lines 144--148
[] 
 []


Overfull \hbox (1146.04819pt too wide) in paragraph at lines 144--148
[] 
 []


Overfull \hbox (1146.04819pt too wide) in paragraph at lines 144--148
[] 
 []


Overfull \hbox (1146.04819pt too wide) in paragraph at lines 144--148
[] 
 []


Overfull \hbox (1146.04819pt too wide) in paragraph at lines 144--148
[] 
 []


Overfull \hbox (1146.04819pt too wide) in paragraph at lines 144--148
[] 
 []


Overfull \hbox (1146.04819pt too wide) in paragraph at lines 144--148
[] 
 []


Overfull \hbox (1146.04819pt too wide) in paragraph at lines 144--148
[] 
 []


Overfull \hbox (1146.04819pt too wide) in paragraph at lines 144--148
[] 
 []


Overfull \hbox (1146.04819pt too wide) in paragraph at lines 144--148
[] 
 []


Overfull \hbox (1146.04819pt too wide) in paragraph at lines 144--148
[] 
 []


Overfull \hbox (1146.04819pt too wide) in paragraph at lines 144--148
[] 
 []


Underfull \hbox (badness 10000) in paragraph at lines 144--148

 []



[12]
Overfull \hbox (1146.04819pt too wide) in paragraph at lines 152--156
[] 
 []


Overfull \hbox (1146.04819pt too wide) in paragraph at lines 152--156
[] 
 []


Overfull \hbox (1146.04819pt too wide) in paragraph at lines 152--156
[] 
 []


Overfull \hbox (1146.04819pt too wide) in paragraph at lines 152--156
[] 
 []


Overfull \hbox (1146.04819pt too wide) in paragraph at lines 152--156
[] 
 []


Overfull \hbox (1146.04819pt too wide) in paragraph at lines 152--156
[] 
 []


Overfull \hbox (1146.04819pt too wide) in paragraph at lines 152--156
[] 
 []


Overfull \hbox (1146.04819pt too wide) in paragraph at lines 152--156
[] 
 []


Overfull \hbox (1146.04819pt too wide) in paragraph at lines 152--156
[] 
 []


Overfull \hbox (1146.04819pt too wide) in paragraph at lines 152--156
[] 
 []


Overfull \hbox (1146.04819pt too wide) in paragraph at lines 152--156
[] 
 []


Overfull \hbox (1146.04819pt too wide) in paragraph at lines 152--156
[] 
 []


Overfull \hbox (1146.04819pt too wide) in paragraph at lines 152--156
[] 
 []


Overfull \hbox (1146.04819pt too wide) in paragraph at lines 152--156
[] 
 []


Overfull \hbox (1146.04819pt too wide) in paragraph at lines 152--156
[] 
 []


Underfull \hbox (badness 10000) in paragraph at lines 152--156

 []



[13]
Overfull \hbox (1146.04819pt too wide) in paragraph at lines 169--171
[][] 
 []


Overfull \hbox (1146.04819pt too wide) in paragraph at lines 169--171
[] 
 []


Overfull \hbox (1146.04819pt too wide) in paragraph at lines 169--171
[] 
 []


Overfull \hbox (1146.04819pt too wide) in paragraph at lines 169--171
[] 
 []


Overfull \hbox (1146.04819pt too wide) in paragraph at lines 169--171
[] 
 []


Overfull \hbox (1146.04819pt too wide) in paragraph at lines 169--171
[] 
 []


Overfull \hbox (1146.04819pt too wide) in paragraph at lines 169--171
[] 
 []


Overfull \hbox (1146.04819pt too wide) in paragraph at lines 169--171
[] 
 []


Overfull \hbox (1146.04819pt too wide) in paragraph at lines 169--171
[] 
 []


Overfull \hbox (1146.04819pt too wide) in paragraph at lines 169--171
[] 
 []


Underfull \hbox (badness 10000) in paragraph at lines 169--171

 []



[14] (./lesson9-practice-sheets.aux)
 ***********
LaTeX2e <2024-11-01> patch level 2
L3 programming layer <2022/08/05>
 ***********
 ) 
Here is how much of TeX's memory you used:
 16371 strings out of 475837
 392577 string characters out of 5775515
 803737 words of memory out of 5000000
 39068 multiletter control sequences out of 15000+600000
 562227 words of font info for 59 fonts, out of 8000000 for 9000
 14 hyphenation exceptions out of 8191
 102i,9n,107p,434b,542s stack positions out of 10000i,1000n,20000p,200000b,200000s

Output written on lesson9-practice-sheets.pdf (14 pages).
